{"message":"CHATBOT-QR-SERVICE STARTED AT: Tue Nov 06 2018 13:12:06 GMT+0800 (PST)","level":"info"}
{"message":"CHATBOT-QR-SERVICE STARTED AT: Tue Nov 06 2018 13:12:26 GMT+0800 (PST)","level":"info"}
{"message":"CHATBOT-QR-SERVICE STARTED AT: Tue Nov 06 2018 13:12:51 GMT+0800 (PST)","level":"info"}
{"message":"CHATBOT-QR-SERVICE STARTED AT: Tue Nov 06 2018 13:13:15 GMT+0800 (PST)","level":"info"}
{"message":"CHATBOT-QR-SERVICE SUCCESSFULLY STARTED AT: Tue Nov 06 2018 13:13:17 GMT+0800 (PST)","level":"info"}
{"message":"CHATBOT-QR-SERVICE STARTED AT: Tue Nov 06 2018 13:14:36 GMT+0800 (PST)","level":"info"}
{"message":"CHATBOT-QR-SERVICE STARTED AT: Tue Nov 06 2018 13:14:39 GMT+0800 (PST)","level":"info"}
{"message":"CHATBOT-QR-SERVICE SUCCESSFULLY STARTED AT: Tue Nov 06 2018 13:14:40 GMT+0800 (PST)","level":"info"}
{"message":"CHATBOT-QR-SERVICE STARTED AT: Tue Nov 06 2018 13:15:17 GMT+0800 (PST)","level":"info"}
{"message":"CHATBOT-QR-SERVICE STARTED AT: Tue Nov 06 2018 13:15:49 GMT+0800 (PST)","level":"info"}
{"message":"CHATBOT-QR-SERVICE SUCCESSFULLY STARTED AT: Tue Nov 06 2018 13:15:50 GMT+0800 (PST)","level":"info"}
{"message":"CHATBOT-QR-SERVICE STARTED AT: Tue Nov 06 2018 13:16:26 GMT+0800 (PST)","level":"info"}
{"message":"CHATBOT-QR-SERVICE FAILED TO START: Tue Nov 06 2018 13:16:27 GMT+0800 (PST)","level":"info"}
{"message":"CHATBOT-QR-SERVICE STARTED AT: Tue Nov 06 2018 13:16:50 GMT+0800 (PST)","level":"info"}
{"message":"CHATBOT-QR-SERVICE SUCCESSFULLY STARTED AT: Tue Nov 06 2018 13:16:52 GMT+0800 (PST)","level":"info"}
{"message":"CHATBOT-QR-SERVICE STARTED AT: Tue Nov 06 2018 13:16:56 GMT+0800 (PST)","level":"info"}
{"message":"CHATBOT-QR-SERVICE FAILED TO START: Tue Nov 06 2018 13:16:58 GMT+0800 (PST)","level":"info"}
{"message":"CHATBOT-QR-SERVICE STARTED AT: Tue Nov 06 2018 13:17:00 GMT+0800 (PST)","level":"info"}
{"message":"CHATBOT-QR-SERVICE FAILED TO START: Tue Nov 06 2018 13:17:01 GMT+0800 (PST)","level":"info"}
{"message":"CHATBOT-QR-SERVICE STARTED AT: Tue Nov 06 2018 13:17:04 GMT+0800 (PST)","level":"info"}
{"message":"CHATBOT-QR-SERVICE FAILED TO START: Tue Nov 06 2018 13:17:05 GMT+0800 (PST)","level":"info"}
{"message":"CHATBOT-QR-SERVICE STARTED AT: Tue Nov 06 2018 13:17:29 GMT+0800 (PST)","level":"info"}
{"message":"CHATBOT-QR-SERVICE FAILED TO START: Tue Nov 06 2018 13:17:31 GMT+0800 (PST)","level":"info"}
{"message":"CHATBOT-QR-SERVICE STARTED AT: Tue Nov 06 2018 13:17:36 GMT+0800 (PST)","level":"info"}
{"message":"CHATBOT-QR-SERVICE SUCCESSFULLY STARTED AT: Tue Nov 06 2018 13:17:38 GMT+0800 (PST)","level":"info"}
{"message":"CHATBOT-QR-SERVICE STARTED AT: Tue Nov 06 2018 13:18:34 GMT+0800 (PST)","level":"info"}
{"message":"CHATBOT-QR-SERVICE SUCCESSFULLY STARTED AT: Tue Nov 06 2018 13:18:37 GMT+0800 (PST)","level":"info"}
{"message":"CHATBOT-QR-SERVICE STARTED AT: Tue Nov 06 2018 13:18:48 GMT+0800 (PST)","level":"info"}
{"message":"CHATBOT-QR-SERVICE FAILED TO START: Tue Nov 06 2018 13:18:50 GMT+0800 (PST)","level":"info"}
{"message":"CHATBOT-QR-SERVICE STARTED AT: Tue Nov 06 2018 13:18:58 GMT+0800 (PST)","level":"info"}
{"message":"CHATBOT-QR-SERVICE STARTED AT: Tue Nov 06 2018 13:19:07 GMT+0800 (PST)","level":"info"}
{"message":"CHATBOT-QR-SERVICE STARTED AT: Tue Nov 06 2018 13:19:13 GMT+0800 (PST)","level":"info"}
{"message":"CHATBOT-QR-SERVICE SUCCESSFULLY STARTED AT: Tue Nov 06 2018 13:19:16 GMT+0800 (PST)","level":"info"}
{"message":"CHATBOT-QR-SERVICE STARTED AT: Tue Nov 06 2018 13:21:37 GMT+0800 (PST)","level":"info"}
{"message":"CHATBOT-QR-SERVICE SUCCESSFULLY STARTED AT: Tue Nov 06 2018 13:21:38 GMT+0800 (PST)","level":"info"}
{"message":"CHATBOT-QR-SERVICE STARTED AT: Tue Nov 06 2018 13:21:46 GMT+0800 (PST)","level":"info"}
{"message":"CHATBOT-QR-SERVICE SUCCESSFULLY STARTED AT: Tue Nov 06 2018 13:21:47 GMT+0800 (PST)","level":"info"}
{"message":"CHATBOT-QR-SERVICE STARTED AT: Tue Nov 06 2018 13:22:01 GMT+0800 (PST)","level":"info"}
{"message":"CHATBOT-QR-SERVICE SUCCESSFULLY STARTED AT: Tue Nov 06 2018 13:22:03 GMT+0800 (PST)","level":"info"}
{"message":"CHATBOT-QR-SERVICE STARTED AT: Tue Nov 06 2018 13:22:40 GMT+0800 (PST)","level":"info"}
{"message":"CHATBOT-QR-SERVICE FAILED TO START: Tue Nov 06 2018 13:23:10 GMT+0800 (PST)","level":"info"}
{"message":"CHATBOT-QR-SERVICE STARTED AT: Tue Nov 06 2018 13:23:19 GMT+0800 (PST)","level":"info"}
{"message":"CHATBOT-QR-SERVICE SUCCESSFULLY STARTED AT: Tue Nov 06 2018 13:23:39 GMT+0800 (PST)","level":"info"}
{"message":"CHATBOT-QR-SERVICE STARTED AT: Tue Nov 06 2018 13:23:44 GMT+0800 (PST)","level":"info"}
{"message":"CHATBOT-QR-SERVICE SUCCESSFULLY STARTED AT: Tue Nov 06 2018 13:23:46 GMT+0800 (PST)","level":"info"}
{"message":"CHATBOT-QR-SERVICE STARTED AT: Tue Nov 06 2018 13:23:53 GMT+0800 (PST)","level":"info"}
{"message":"CHATBOT-QR-SERVICE STARTED AT: Tue Nov 06 2018 13:23:55 GMT+0800 (PST)","level":"info"}
{"message":"CHATBOT-QR-SERVICE SUCCESSFULLY STARTED AT: Tue Nov 06 2018 13:23:57 GMT+0800 (PST)","level":"info"}
{"message":"CHATBOT-QR-SERVICE STARTED AT: Tue Nov 06 2018 13:24:03 GMT+0800 (PST)","level":"info"}
{"message":"CHATBOT-QR-SERVICE SUCCESSFULLY STARTED AT: Tue Nov 06 2018 13:24:05 GMT+0800 (PST)","level":"info"}
{"message":"CHATBOT-QR-SERVICE STARTED AT: Tue Nov 06 2018 13:24:23 GMT+0800 (PST)","level":"info"}
{"message":"CHATBOT-QR-SERVICE SUCCESSFULLY STARTED AT: Tue Nov 06 2018 13:24:25 GMT+0800 (PST)","level":"info"}
{"message":"CHATBOT-QR-SERVICE STARTED AT: Tue Nov 06 2018 13:24:40 GMT+0800 (PST)","level":"info"}
{"message":"CHATBOT-QR-SERVICE SUCCESSFULLY STARTED AT: Tue Nov 06 2018 13:24:42 GMT+0800 (PST)","level":"info"}
{"message":"CHATBOT-QR-SERVICE STARTED AT: Tue Nov 06 2018 13:24:48 GMT+0800 (PST)","level":"info"}
{"message":"CHATBOT-QR-SERVICE SUCCESSFULLY STARTED AT: Tue Nov 06 2018 13:24:50 GMT+0800 (PST)","level":"info"}
{"message":"CHATBOT-QR-SERVICE STARTED AT: Tue Nov 06 2018 13:24:52 GMT+0800 (PST)","level":"info"}
{"message":"CHATBOT-QR-SERVICE STARTED AT: Tue Nov 06 2018 13:24:54 GMT+0800 (PST)","level":"info"}
{"message":"CHATBOT-QR-SERVICE SUCCESSFULLY STARTED AT: Tue Nov 06 2018 13:24:55 GMT+0800 (PST)","level":"info"}
{"message":"CHATBOT-QR-SERVICE STARTED AT: Tue Nov 06 2018 13:25:16 GMT+0800 (PST)","level":"info"}
{"message":"CHATBOT-QR-SERVICE SUCCESSFULLY STARTED AT: Tue Nov 06 2018 13:25:24 GMT+0800 (PST)","level":"info"}
{"message":"CHATBOT-QR-SERVICE STARTED AT: Tue Nov 06 2018 13:25:32 GMT+0800 (PST)","level":"info"}
{"message":"CHATBOT-QR-SERVICE STARTED AT: Tue Nov 06 2018 13:25:35 GMT+0800 (PST)","level":"info"}
{"message":"CHATBOT-QR-SERVICE SUCCESSFULLY STARTED AT: Tue Nov 06 2018 13:25:36 GMT+0800 (PST)","level":"info"}
{"message":"CHATBOT-QR-SERVICE STARTED AT: Tue Nov 06 2018 13:25:38 GMT+0800 (PST)","level":"info"}
{"message":"CHATBOT-QR-SERVICE SUCCESSFULLY STARTED AT: Tue Nov 06 2018 13:25:40 GMT+0800 (PST)","level":"info"}
{"message":"CHATBOT-QR-SERVICE STARTED AT: Tue Nov 06 2018 13:26:00 GMT+0800 (PST)","level":"info"}
{"message":"CHATBOT-QR-SERVICE SUCCESSFULLY STARTED AT: Tue Nov 06 2018 13:26:02 GMT+0800 (PST)","level":"info"}
{"message":"CHATBOT-QR-SERVICE STARTED AT: Tue Nov 06 2018 13:26:15 GMT+0800 (PST)","level":"info"}
{"message":"CHATBOT-QR-SERVICE STARTED AT: Tue Nov 06 2018 13:26:15 GMT+0800 (PST)","level":"info"}
{"message":"CHATBOT-QR-SERVICE SUCCESSFULLY STARTED AT: Tue Nov 06 2018 13:26:18 GMT+0800 (PST)","level":"info"}
{"message":"CHATBOT-QR-SERVICE STARTED AT: Tue Nov 06 2018 13:26:20 GMT+0800 (PST)","level":"info"}
{"message":"CHATBOT-QR-SERVICE STARTED AT: Tue Nov 06 2018 13:26:22 GMT+0800 (PST)","level":"info"}
{"message":"CHATBOT-QR-SERVICE SUCCESSFULLY STARTED AT: Tue Nov 06 2018 13:26:23 GMT+0800 (PST)","level":"info"}
{"message":"CHATBOT-QR-SERVICE STARTED AT: Tue Nov 06 2018 13:29:20 GMT+0800 (PST)","level":"info"}
{"message":"CHATBOT-QR-SERVICE SUCCESSFULLY STARTED AT: Tue Nov 06 2018 13:29:24 GMT+0800 (PST)","level":"info"}
{"message":"CHATBOT-QR-SERVICE STARTED AT: Tue Nov 06 2018 13:32:07 GMT+0800 (PST)","level":"info"}
{"message":"CHATBOT-QR-SERVICE SUCCESSFULLY STARTED AT: Tue Nov 06 2018 13:32:08 GMT+0800 (PST)","level":"info"}
{"message":"CHATBOT-QR-SERVICE STARTED AT: Tue Nov 06 2018 13:32:11 GMT+0800 (PST)","level":"info"}
{"message":"CHATBOT-QR-SERVICE SUCCESSFULLY STARTED AT: Tue Nov 06 2018 13:32:13 GMT+0800 (PST)","level":"info"}
{"message":"CHATBOT-QR-SERVICE STARTED AT: Tue Nov 06 2018 13:35:31 GMT+0800 (PST)","level":"info"}
{"message":"CHATBOT-QR-SERVICE STARTED AT: Tue Nov 06 2018 13:35:33 GMT+0800 (PST)","level":"info"}
{"message":"CHATBOT-QR-SERVICE SUCCESSFULLY STARTED AT: Tue Nov 06 2018 13:35:35 GMT+0800 (PST)","level":"info"}
{"message":"CHATBOT-QR-SERVICE STARTED AT: Tue Nov 06 2018 13:36:15 GMT+0800 (PST)","level":"info"}
{"message":"CHATBOT-QR-SERVICE SUCCESSFULLY STARTED AT: Tue Nov 06 2018 13:36:17 GMT+0800 (PST)","level":"info"}
{"message":"CHATBOT-QR-SERVICE STARTED AT: Tue Nov 06 2018 13:36:38 GMT+0800 (PST)","level":"info"}
{"message":"CHATBOT-QR-SERVICE SUCCESSFULLY STARTED AT: Tue Nov 06 2018 13:36:40 GMT+0800 (PST)","level":"info"}
{"message":"CHATBOT-QR-SERVICE STARTED AT: Tue Nov 06 2018 13:38:39 GMT+0800 (PST)","level":"info"}
{"message":"CHATBOT-QR-SERVICE SUCCESSFULLY STARTED AT: Tue Nov 06 2018 13:38:41 GMT+0800 (PST)","level":"info"}
{"message":"CHATBOT-QR-SERVICE STARTED AT: Tue Nov 06 2018 13:40:15 GMT+0800 (PST)","level":"info"}
{"message":"CHATBOT-QR-SERVICE SUCCESSFULLY STARTED AT: Tue Nov 06 2018 13:40:17 GMT+0800 (PST)","level":"info"}
{"message":"CHATBOT-QR-SERVICE STARTED AT: Tue Nov 06 2018 13:40:29 GMT+0800 (PST)","level":"info"}
{"message":"CHATBOT-QR-SERVICE SUCCESSFULLY STARTED AT: Tue Nov 06 2018 13:40:32 GMT+0800 (PST)","level":"info"}
{"message":"CHATBOT-QR-SERVICE STARTED AT: Tue Nov 06 2018 13:40:35 GMT+0800 (PST)","level":"info"}
{"message":"CHATBOT-QR-SERVICE STARTED AT: Tue Nov 06 2018 13:40:43 GMT+0800 (PST)","level":"info"}
{"message":"CHATBOT-QR-SERVICE STARTED AT: Tue Nov 06 2018 13:40:50 GMT+0800 (PST)","level":"info"}
{"message":"CHATBOT-QR-SERVICE SUCCESSFULLY STARTED AT: Tue Nov 06 2018 13:40:52 GMT+0800 (PST)","level":"info"}
{"message":"CHATBOT-QR-SERVICE STARTED AT: Tue Nov 06 2018 13:40:56 GMT+0800 (PST)","level":"info"}
{"message":"CHATBOT-QR-SERVICE SUCCESSFULLY STARTED AT: Tue Nov 06 2018 13:40:58 GMT+0800 (PST)","level":"info"}
{"message":"CHATBOT-QR-SERVICE STARTED AT: Tue Nov 06 2018 13:41:15 GMT+0800 (PST)","level":"info"}
{"message":"CHATBOT-QR-SERVICE SUCCESSFULLY STARTED AT: Tue Nov 06 2018 13:41:17 GMT+0800 (PST)","level":"info"}
{"message":"CHATBOT-QR-SERVICE STARTED AT: Tue Nov 06 2018 13:41:42 GMT+0800 (PST)","level":"info"}
{"message":"CHATBOT-QR-SERVICE SUCCESSFULLY STARTED AT: Tue Nov 06 2018 13:41:44 GMT+0800 (PST)","level":"info"}
{"message":"CHATBOT-QR-SERVICE STARTED AT: Tue Nov 06 2018 13:41:47 GMT+0800 (PST)","level":"info"}
{"message":"CHATBOT-QR-SERVICE SUCCESSFULLY STARTED AT: Tue Nov 06 2018 13:41:49 GMT+0800 (PST)","level":"info"}
{"message":"CHATBOT-QR-SERVICE STARTED AT: Tue Nov 06 2018 13:42:02 GMT+0800 (PST)","level":"info"}
{"message":"CHATBOT-QR-SERVICE SUCCESSFULLY STARTED AT: Tue Nov 06 2018 13:42:05 GMT+0800 (PST)","level":"info"}
{"message":"CHATBOT-QR-SERVICE STARTED AT: Tue Nov 06 2018 13:42:07 GMT+0800 (PST)","level":"info"}
{"message":"CHATBOT-QR-SERVICE SUCCESSFULLY STARTED AT: Tue Nov 06 2018 13:42:09 GMT+0800 (PST)","level":"info"}
{"message":"CHATBOT-QR-SERVICE STARTED AT: Tue Nov 06 2018 13:42:18 GMT+0800 (PST)","level":"info"}
{"message":"CHATBOT-QR-SERVICE SUCCESSFULLY STARTED AT: Tue Nov 06 2018 13:42:22 GMT+0800 (PST)","level":"info"}
{"message":"CHATBOT-QR-SERVICE STARTED AT: Tue Nov 06 2018 13:42:27 GMT+0800 (PST)","level":"info"}
{"message":"CHATBOT-QR-SERVICE SUCCESSFULLY STARTED AT: Tue Nov 06 2018 13:42:29 GMT+0800 (PST)","level":"info"}
{"message":"CHATBOT-QR-SERVICE STARTED AT: Tue Nov 06 2018 13:42:44 GMT+0800 (PST)","level":"info"}
{"message":"CHATBOT-QR-SERVICE SUCCESSFULLY STARTED AT: Tue Nov 06 2018 13:42:47 GMT+0800 (PST)","level":"info"}
{"message":"CHATBOT-QR-SERVICE STARTED AT: Tue Nov 06 2018 13:43:00 GMT+0800 (PST)","level":"info"}
{"message":"CHATBOT-QR-SERVICE SUCCESSFULLY STARTED AT: Tue Nov 06 2018 13:43:03 GMT+0800 (PST)","level":"info"}
{"message":"CHATBOT-QR-SERVICE STARTED AT: Tue Nov 06 2018 13:43:20 GMT+0800 (PST)","level":"info"}
{"message":"CHATBOT-QR-SERVICE SUCCESSFULLY STARTED AT: Tue Nov 06 2018 13:43:22 GMT+0800 (PST)","level":"info"}
{"message":"CHATBOT-QR-SERVICE STARTED AT: Tue Nov 06 2018 13:43:25 GMT+0800 (PST)","level":"info"}
{"message":"CHATBOT-QR-SERVICE STARTED AT: Tue Nov 06 2018 13:43:27 GMT+0800 (PST)","level":"info"}
{"message":"CHATBOT-QR-SERVICE SUCCESSFULLY STARTED AT: Tue Nov 06 2018 13:43:28 GMT+0800 (PST)","level":"info"}
{"message":"CHATBOT-QR-SERVICE STARTED AT: Tue Nov 06 2018 13:43:38 GMT+0800 (PST)","level":"info"}
{"message":"CHATBOT-QR-SERVICE SUCCESSFULLY STARTED AT: Tue Nov 06 2018 13:43:40 GMT+0800 (PST)","level":"info"}
{"message":"CHATBOT-QR-SERVICE STARTED AT: Tue Nov 06 2018 13:44:04 GMT+0800 (PST)","level":"info"}
{"message":"CHATBOT-QR-SERVICE SUCCESSFULLY STARTED AT: Tue Nov 06 2018 13:44:06 GMT+0800 (PST)","level":"info"}
{"message":"CHATBOT-QR-SERVICE STARTED AT: Tue Nov 06 2018 13:44:11 GMT+0800 (PST)","level":"info"}
{"message":"CHATBOT-QR-SERVICE SUCCESSFULLY STARTED AT: Tue Nov 06 2018 13:44:13 GMT+0800 (PST)","level":"info"}
{"message":"CHATBOT-QR-SERVICE STARTED AT: Tue Nov 06 2018 13:44:29 GMT+0800 (PST)","level":"info"}
{"message":"CHATBOT-QR-SERVICE STARTED AT: Tue Nov 06 2018 13:44:30 GMT+0800 (PST)","level":"info"}
{"message":"CHATBOT-QR-SERVICE SUCCESSFULLY STARTED AT: Tue Nov 06 2018 13:44:32 GMT+0800 (PST)","level":"info"}
{"message":"CHATBOT-QR-SERVICE STARTED AT: Tue Nov 06 2018 13:45:05 GMT+0800 (PST)","level":"info"}
{"message":"CHATBOT-QR-SERVICE STARTED AT: Tue Nov 06 2018 13:45:07 GMT+0800 (PST)","level":"info"}
{"message":"CHATBOT-QR-SERVICE SUCCESSFULLY STARTED AT: Tue Nov 06 2018 13:45:09 GMT+0800 (PST)","level":"info"}
{"message":"CHATBOT-QR-SERVICE STARTED AT: Tue Nov 06 2018 13:45:23 GMT+0800 (PST)","level":"info"}
{"message":"CHATBOT-QR-SERVICE SUCCESSFULLY STARTED AT: Tue Nov 06 2018 13:45:25 GMT+0800 (PST)","level":"info"}
{"message":"CHATBOT-QR-SERVICE STARTED AT: Tue Nov 06 2018 13:45:31 GMT+0800 (PST)","level":"info"}
{"message":"CHATBOT-QR-SERVICE SUCCESSFULLY STARTED AT: Tue Nov 06 2018 13:45:33 GMT+0800 (PST)","level":"info"}
{"message":"CHATBOT-QR-SERVICE STARTED AT: Tue Nov 06 2018 13:45:41 GMT+0800 (PST)","level":"info"}
{"message":"CHATBOT-QR-SERVICE SUCCESSFULLY STARTED AT: Tue Nov 06 2018 13:45:42 GMT+0800 (PST)","level":"info"}
{"message":"CHATBOT-QR-SERVICE STARTED AT: Tue Nov 06 2018 13:45:55 GMT+0800 (PST)","level":"info"}
{"message":"CHATBOT-QR-SERVICE SUCCESSFULLY STARTED AT: Tue Nov 06 2018 13:45:57 GMT+0800 (PST)","level":"info"}
{"message":"CHATBOT-QR-SERVICE STARTED AT: Tue Nov 06 2018 13:46:08 GMT+0800 (PST)","level":"info"}
{"message":"CHATBOT-QR-SERVICE SUCCESSFULLY STARTED AT: Tue Nov 06 2018 13:46:10 GMT+0800 (PST)","level":"info"}
{"message":"CHATBOT-QR-SERVICE STARTED AT: Tue Nov 06 2018 13:48:02 GMT+0800 (PST)","level":"info"}
{"message":"CHATBOT-QR-SERVICE FAILED TO START: Tue Nov 06 2018 13:48:04 GMT+0800 (PST)","level":"info"}
{"message":"CHATBOT-QR-SERVICE STARTED AT: Tue Nov 06 2018 13:48:19 GMT+0800 (PST)","level":"info"}
{"message":"CHATBOT-QR-SERVICE FAILED TO START: Tue Nov 06 2018 13:48:21 GMT+0800 (PST)","level":"info"}
{"message":"CHATBOT-QR-SERVICE STARTED AT: Tue Nov 06 2018 13:48:23 GMT+0800 (PST)","level":"info"}
{"message":"CHATBOT-QR-SERVICE FAILED TO START: Tue Nov 06 2018 13:48:25 GMT+0800 (PST)","level":"info"}
{"message":"CHATBOT-QR-SERVICE STARTED AT: Tue Nov 06 2018 13:49:48 GMT+0800 (PST)","level":"info"}
{"message":"CHATBOT-QR-SERVICE SUCCESSFULLY STARTED AT: Tue Nov 06 2018 13:49:50 GMT+0800 (PST)","level":"info"}
{"message":"CHATBOT-QR-SERVICE STARTED AT: Tue Nov 06 2018 13:50:15 GMT+0800 (PST)","level":"info"}
{"message":"CHATBOT-QR-SERVICE SUCCESSFULLY STARTED AT: Tue Nov 06 2018 13:50:17 GMT+0800 (PST)","level":"info"}
{"message":"CHATBOT-QR-SERVICE STARTED AT: Tue Nov 06 2018 13:50:55 GMT+0800 (PST)","level":"info"}
{"message":"CHATBOT-QR-SERVICE SUCCESSFULLY STARTED AT: Tue Nov 06 2018 13:50:57 GMT+0800 (PST)","level":"info"}
{"message":"CHATBOT-QR-SERVICE STARTED AT: Tue Nov 06 2018 13:51:15 GMT+0800 (PST)","level":"info"}
{"message":"CHATBOT-QR-SERVICE SUCCESSFULLY STARTED AT: Tue Nov 06 2018 13:51:17 GMT+0800 (PST)","level":"info"}
{"message":"CHATBOT-QR-SERVICE STARTED AT: Tue Nov 06 2018 13:52:13 GMT+0800 (PST)","level":"info"}
{"message":"CHATBOT-QR-SERVICE SUCCESSFULLY STARTED AT: Tue Nov 06 2018 13:52:15 GMT+0800 (PST)","level":"info"}
{"message":"CHATBOT-QR-SERVICE STARTED AT: Tue Nov 06 2018 13:53:53 GMT+0800 (PST)","level":"info"}
{"message":"CHATBOT-QR-SERVICE SUCCESSFULLY STARTED AT: Tue Nov 06 2018 13:53:55 GMT+0800 (PST)","level":"info"}
{"message":"CHATBOT-QR-SERVICE STARTED AT: Tue Nov 06 2018 13:54:37 GMT+0800 (PST)","level":"info"}
{"message":"CHATBOT-QR-SERVICE SUCCESSFULLY STARTED AT: Tue Nov 06 2018 13:54:39 GMT+0800 (PST)","level":"info"}
{"message":"CHATBOT-QR-SERVICE STARTED AT: Tue Nov 06 2018 13:54:42 GMT+0800 (PST)","level":"info"}
{"message":"CHATBOT-QR-SERVICE SUCCESSFULLY STARTED AT: Tue Nov 06 2018 13:54:44 GMT+0800 (PST)","level":"info"}
{"message":"CHATBOT-QR-SERVICE STARTED AT: Tue Nov 06 2018 13:56:03 GMT+0800 (PST)","level":"info"}
{"message":"CHATBOT-QR-SERVICE SUCCESSFULLY STARTED AT: Tue Nov 06 2018 13:56:04 GMT+0800 (PST)","level":"info"}
{"message":"CHATBOT-QR-SERVICE STARTED AT: Tue Nov 06 2018 16:00:47 GMT+0800 (PST)","level":"info"}
{"message":"CHATBOT-QR-SERVICE STARTED AT: Tue Nov 06 2018 16:01:13 GMT+0800 (PST)","level":"info"}
{"message":"CHATBOT-QR-SERVICE SUCCESSFULLY STARTED AT: Tue Nov 06 2018 16:01:15 GMT+0800 (PST)","level":"info"}
{"message":"CHATBOT-QR-SERVICE STARTED AT: Tue Nov 06 2018 16:05:38 GMT+0800 (PST)","level":"info"}
{"message":"CHATBOT-QR-SERVICE SUCCESSFULLY STARTED AT: Tue Nov 06 2018 16:05:40 GMT+0800 (PST)","level":"info"}
{"message":"Create queue at Tue Nov 06 2018 16:05:42 GMT+0800 (PST)","level":"info"}
{"message":"Create qr success at Tue Nov 06 2018 16:05:44 GMT+0800 (PST)","level":"info"}
{"message":"CHATBOT-QR-SERVICE STARTED AT: Tue Nov 06 2018 16:06:56 GMT+0800 (PST)","level":"info"}
{"message":"CHATBOT-QR-SERVICE SUCCESSFULLY STARTED AT: Tue Nov 06 2018 16:06:58 GMT+0800 (PST)","level":"info"}
{"message":"CHATBOT-QR-SERVICE STARTED AT: Tue Nov 06 2018 16:07:01 GMT+0800 (PST)","level":"info"}
{"message":"CHATBOT-QR-SERVICE STARTED AT: Tue Nov 06 2018 16:07:04 GMT+0800 (PST)","level":"info"}
{"message":"CHATBOT-QR-SERVICE SUCCESSFULLY STARTED AT: Tue Nov 06 2018 16:07:07 GMT+0800 (PST)","level":"info"}
{"message":"CHATBOT-QR-SERVICE STARTED AT: Tue Nov 06 2018 16:07:36 GMT+0800 (PST)","level":"info"}
{"message":"CHATBOT-QR-SERVICE SUCCESSFULLY STARTED AT: Tue Nov 06 2018 16:07:53 GMT+0800 (PST)","level":"info"}
{"message":"CHATBOT-QR-SERVICE STARTED AT: Tue Nov 06 2018 16:20:23 GMT+0800 (PST)","level":"info"}
{"message":"CHATBOT-QR-SERVICE STARTED AT: Tue Nov 06 2018 16:20:26 GMT+0800 (PST)","level":"info"}
{"message":"CHATBOT-QR-SERVICE SUCCESSFULLY STARTED AT: Tue Nov 06 2018 16:20:27 GMT+0800 (PST)","level":"info"}
{"message":"CHATBOT-QR-SERVICE STARTED AT: Tue Nov 06 2018 16:20:32 GMT+0800 (PST)","level":"info"}
{"message":"CHATBOT-QR-SERVICE SUCCESSFULLY STARTED AT: Tue Nov 06 2018 16:20:33 GMT+0800 (PST)","level":"info"}
{"message":"CHATBOT-QR-SERVICE STARTED AT: Tue Nov 06 2018 16:20:39 GMT+0800 (PST)","level":"info"}
{"message":"CHATBOT-QR-SERVICE SUCCESSFULLY STARTED AT: Tue Nov 06 2018 16:20:41 GMT+0800 (PST)","level":"info"}
{"message":"CHATBOT-QR-SERVICE STARTED AT: Tue Nov 06 2018 16:26:26 GMT+0800 (PST)","level":"info"}
{"message":"CHATBOT-QR-SERVICE SUCCESSFULLY STARTED AT: Tue Nov 06 2018 16:26:28 GMT+0800 (PST)","level":"info"}
{"message":"CHATBOT-QR-SERVICE STARTED AT: Tue Nov 06 2018 16:26:34 GMT+0800 (PST)","level":"info"}
{"message":"CHATBOT-QR-SERVICE STARTED AT: Tue Nov 06 2018 16:26:36 GMT+0800 (PST)","level":"info"}
{"message":"CHATBOT-QR-SERVICE SUCCESSFULLY STARTED AT: Tue Nov 06 2018 16:26:38 GMT+0800 (PST)","level":"info"}
{"message":"CHATBOT-QR-SERVICE STARTED AT: Tue Nov 06 2018 16:28:16 GMT+0800 (PST)","level":"info"}
{"message":"CHATBOT-QR-SERVICE SUCCESSFULLY STARTED AT: Tue Nov 06 2018 16:28:18 GMT+0800 (PST)","level":"info"}
{"message":"CHATBOT-QR-SERVICE STARTED AT: Tue Nov 06 2018 16:28:23 GMT+0800 (PST)","level":"info"}
{"message":"CHATBOT-QR-SERVICE STARTED AT: Tue Nov 06 2018 16:28:26 GMT+0800 (PST)","level":"info"}
{"message":"CHATBOT-QR-SERVICE SUCCESSFULLY STARTED AT: Tue Nov 06 2018 16:28:27 GMT+0800 (PST)","level":"info"}
{"message":"CHATBOT-QR-SERVICE STARTED AT: Tue Nov 06 2018 16:28:43 GMT+0800 (PST)","level":"info"}
{"message":"CHATBOT-QR-SERVICE SUCCESSFULLY STARTED AT: Tue Nov 06 2018 16:28:45 GMT+0800 (PST)","level":"info"}
{"message":"CHATBOT-QR-SERVICE STARTED AT: Tue Nov 06 2018 17:13:46 GMT+0800 (PST)","level":"info"}
{"message":"CHATBOT-QR-SERVICE SUCCESSFULLY STARTED AT: Tue Nov 06 2018 17:13:50 GMT+0800 (PST)","level":"info"}
{"message":"CHATBOT-QR-SERVICE STARTED AT: Tue Nov 06 2018 17:13:56 GMT+0800 (PST)","level":"info"}
{"message":"CHATBOT-QR-SERVICE SUCCESSFULLY STARTED AT: Tue Nov 06 2018 17:13:58 GMT+0800 (PST)","level":"info"}
{"message":"CHATBOT-QR-SERVICE STARTED AT: Tue Nov 06 2018 17:14:42 GMT+0800 (PST)","level":"info"}
{"message":"CHATBOT-QR-SERVICE SUCCESSFULLY STARTED AT: Tue Nov 06 2018 17:14:44 GMT+0800 (PST)","level":"info"}
{"message":"CHATBOT-QR-SERVICE STARTED AT: Tue Nov 06 2018 17:14:55 GMT+0800 (PST)","level":"info"}
{"message":"CHATBOT-QR-SERVICE SUCCESSFULLY STARTED AT: Tue Nov 06 2018 17:14:57 GMT+0800 (PST)","level":"info"}
{"message":"CHATBOT-QR-SERVICE STARTED AT: Tue Nov 06 2018 17:15:02 GMT+0800 (PST)","level":"info"}
{"message":"CHATBOT-QR-SERVICE SUCCESSFULLY STARTED AT: Tue Nov 06 2018 17:15:04 GMT+0800 (PST)","level":"info"}
{"message":"CHATBOT-QR-SERVICE STARTED AT: Tue Nov 06 2018 17:15:12 GMT+0800 (PST)","level":"info"}
{"message":"CHATBOT-QR-SERVICE SUCCESSFULLY STARTED AT: Tue Nov 06 2018 17:15:14 GMT+0800 (PST)","level":"info"}
{"message":"CHATBOT-QR-SERVICE STARTED AT: Tue Nov 06 2018 17:15:26 GMT+0800 (PST)","level":"info"}
{"message":"CHATBOT-QR-SERVICE SUCCESSFULLY STARTED AT: Tue Nov 06 2018 17:15:28 GMT+0800 (PST)","level":"info"}
{"message":"CHATBOT-QR-SERVICE STARTED AT: Tue Nov 06 2018 17:16:16 GMT+0800 (PST)","level":"info"}
{"message":"CHATBOT-QR-SERVICE SUCCESSFULLY STARTED AT: Tue Nov 06 2018 17:16:18 GMT+0800 (PST)","level":"info"}
{"message":"CHATBOT-QR-SERVICE STARTED AT: Tue Nov 06 2018 17:16:44 GMT+0800 (PST)","level":"info"}
{"message":"CHATBOT-QR-SERVICE SUCCESSFULLY STARTED AT: Tue Nov 06 2018 17:16:46 GMT+0800 (PST)","level":"info"}
{"message":"CHATBOT-QR-SERVICE STARTED AT: Tue Nov 06 2018 17:17:33 GMT+0800 (PST)","level":"info"}
{"message":"CHATBOT-QR-SERVICE SUCCESSFULLY STARTED AT: Tue Nov 06 2018 17:17:34 GMT+0800 (PST)","level":"info"}
{"message":"CHATBOT-QR-SERVICE STARTED AT: Tue Nov 06 2018 17:17:45 GMT+0800 (PST)","level":"info"}
{"message":"CHATBOT-QR-SERVICE SUCCESSFULLY STARTED AT: Tue Nov 06 2018 17:17:48 GMT+0800 (PST)","level":"info"}
{"message":"CHATBOT-QR-SERVICE STARTED AT: Tue Nov 06 2018 17:20:16 GMT+0800 (PST)","level":"info"}
{"message":"CHATBOT-QR-SERVICE SUCCESSFULLY STARTED AT: Tue Nov 06 2018 17:20:17 GMT+0800 (PST)","level":"info"}
{"message":"CHATBOT-QR-SERVICE STARTED AT: Tue Nov 06 2018 17:21:49 GMT+0800 (PST)","level":"info"}
{"message":"CHATBOT-QR-SERVICE SUCCESSFULLY STARTED AT: Tue Nov 06 2018 17:21:51 GMT+0800 (PST)","level":"info"}
{"message":"CHATBOT-QR-SERVICE STARTED AT: Tue Nov 06 2018 17:21:52 GMT+0800 (PST)","level":"info"}
{"message":"CHATBOT-QR-SERVICE SUCCESSFULLY STARTED AT: Tue Nov 06 2018 17:21:54 GMT+0800 (PST)","level":"info"}
{"message":"CHATBOT-QR-SERVICE STARTED AT: Tue Nov 06 2018 17:22:30 GMT+0800 (PST)","level":"info"}
{"message":"CHATBOT-QR-SERVICE SUCCESSFULLY STARTED AT: Tue Nov 06 2018 17:22:31 GMT+0800 (PST)","level":"info"}
{"message":"CHATBOT-QR-SERVICE STARTED AT: Tue Nov 06 2018 17:23:25 GMT+0800 (PST)","level":"info"}
{"message":"CHATBOT-QR-SERVICE SUCCESSFULLY STARTED AT: Tue Nov 06 2018 17:23:27 GMT+0800 (PST)","level":"info"}
{"message":"CHATBOT-QR-SERVICE STARTED AT: Tue Nov 06 2018 17:23:40 GMT+0800 (PST)","level":"info"}
{"message":"CHATBOT-QR-SERVICE SUCCESSFULLY STARTED AT: Tue Nov 06 2018 17:23:41 GMT+0800 (PST)","level":"info"}
{"message":"CHATBOT-QR-SERVICE STARTED AT: Tue Nov 06 2018 17:23:51 GMT+0800 (PST)","level":"info"}
{"message":"CHATBOT-QR-SERVICE SUCCESSFULLY STARTED AT: Tue Nov 06 2018 17:23:53 GMT+0800 (PST)","level":"info"}
{"message":"CHATBOT-QR-SERVICE STARTED AT: Tue Nov 06 2018 17:24:19 GMT+0800 (PST)","level":"info"}
{"message":"CHATBOT-QR-SERVICE SUCCESSFULLY STARTED AT: Tue Nov 06 2018 17:24:21 GMT+0800 (PST)","level":"info"}
{"message":"CHATBOT-QR-SERVICE STARTED AT: Tue Nov 06 2018 17:24:39 GMT+0800 (PST)","level":"info"}
{"message":"CHATBOT-QR-SERVICE SUCCESSFULLY STARTED AT: Tue Nov 06 2018 17:24:41 GMT+0800 (PST)","level":"info"}
{"message":"CHATBOT-QR-SERVICE STARTED AT: Tue Nov 06 2018 17:25:12 GMT+0800 (PST)","level":"info"}
{"message":"CHATBOT-QR-SERVICE SUCCESSFULLY STARTED AT: Tue Nov 06 2018 17:25:13 GMT+0800 (PST)","level":"info"}
{"message":"CHATBOT-QR-SERVICE STARTED AT: Tue Nov 06 2018 17:26:01 GMT+0800 (PST)","level":"info"}
{"message":"CHATBOT-QR-SERVICE SUCCESSFULLY STARTED AT: Tue Nov 06 2018 17:26:03 GMT+0800 (PST)","level":"info"}
{"message":"CHATBOT-QR-SERVICE STARTED AT: Tue Nov 06 2018 17:27:02 GMT+0800 (PST)","level":"info"}
{"message":"CHATBOT-QR-SERVICE SUCCESSFULLY STARTED AT: Tue Nov 06 2018 17:27:04 GMT+0800 (PST)","level":"info"}
{"message":"CHATBOT-QR-SERVICE STARTED AT: Tue Nov 06 2018 17:27:07 GMT+0800 (PST)","level":"info"}
{"message":"CHATBOT-QR-SERVICE SUCCESSFULLY STARTED AT: Tue Nov 06 2018 17:27:10 GMT+0800 (PST)","level":"info"}
{"message":"CHATBOT-QR-SERVICE STARTED AT: Tue Nov 06 2018 17:27:36 GMT+0800 (PST)","level":"info"}
{"message":"CHATBOT-QR-SERVICE SUCCESSFULLY STARTED AT: Tue Nov 06 2018 17:27:38 GMT+0800 (PST)","level":"info"}
{"message":"CHATBOT-QR-SERVICE STARTED AT: Tue Nov 06 2018 17:29:27 GMT+0800 (PST)","level":"info"}
{"message":"CHATBOT-QR-SERVICE SUCCESSFULLY STARTED AT: Tue Nov 06 2018 17:29:29 GMT+0800 (PST)","level":"info"}
{"message":"CHATBOT-QR-SERVICE STARTED AT: Tue Nov 06 2018 17:29:35 GMT+0800 (PST)","level":"info"}
{"message":"CHATBOT-QR-SERVICE SUCCESSFULLY STARTED AT: Tue Nov 06 2018 17:29:37 GMT+0800 (PST)","level":"info"}
{"message":"CHATBOT-QR-SERVICE STARTED AT: Tue Nov 06 2018 17:29:55 GMT+0800 (PST)","level":"info"}
{"message":"CHATBOT-QR-SERVICE SUCCESSFULLY STARTED AT: Tue Nov 06 2018 17:29:57 GMT+0800 (PST)","level":"info"}
{"message":"CHATBOT-QR-SERVICE STARTED AT: Tue Nov 06 2018 17:30:02 GMT+0800 (PST)","level":"info"}
{"message":"CHATBOT-QR-SERVICE SUCCESSFULLY STARTED AT: Tue Nov 06 2018 17:30:03 GMT+0800 (PST)","level":"info"}
{"message":"CHATBOT-QR-SERVICE STARTED AT: Tue Nov 06 2018 17:30:05 GMT+0800 (PST)","level":"info"}
{"message":"CHATBOT-QR-SERVICE SUCCESSFULLY STARTED AT: Tue Nov 06 2018 17:30:06 GMT+0800 (PST)","level":"info"}
{"message":"CHATBOT-QR-SERVICE STARTED AT: Tue Nov 06 2018 17:30:22 GMT+0800 (PST)","level":"info"}
{"message":"CHATBOT-QR-SERVICE SUCCESSFULLY STARTED AT: Tue Nov 06 2018 17:30:23 GMT+0800 (PST)","level":"info"}
{"message":"CHATBOT-QR-SERVICE STARTED AT: Tue Nov 06 2018 17:31:10 GMT+0800 (PST)","level":"info"}
{"message":"CHATBOT-QR-SERVICE SUCCESSFULLY STARTED AT: Tue Nov 06 2018 17:31:12 GMT+0800 (PST)","level":"info"}
{"message":"CHATBOT-QR-SERVICE STARTED AT: Tue Nov 06 2018 17:31:30 GMT+0800 (PST)","level":"info"}
{"message":"CHATBOT-QR-SERVICE STARTED AT: Tue Nov 06 2018 17:31:31 GMT+0800 (PST)","level":"info"}
{"message":"CHATBOT-QR-SERVICE SUCCESSFULLY STARTED AT: Tue Nov 06 2018 17:31:33 GMT+0800 (PST)","level":"info"}
{"message":"CHATBOT-QR-SERVICE STARTED AT: Tue Nov 06 2018 17:31:38 GMT+0800 (PST)","level":"info"}
{"message":"CHATBOT-QR-SERVICE SUCCESSFULLY STARTED AT: Tue Nov 06 2018 17:31:40 GMT+0800 (PST)","level":"info"}
{"message":"CHATBOT-QR-SERVICE STARTED AT: Tue Nov 06 2018 17:32:57 GMT+0800 (PST)","level":"info"}
{"message":"CHATBOT-QR-SERVICE SUCCESSFULLY STARTED AT: Tue Nov 06 2018 17:32:59 GMT+0800 (PST)","level":"info"}
{"message":"CHATBOT-QR-SERVICE STARTED AT: Tue Nov 06 2018 17:33:08 GMT+0800 (PST)","level":"info"}
{"message":"CHATBOT-QR-SERVICE STARTED AT: Tue Nov 06 2018 17:33:10 GMT+0800 (PST)","level":"info"}
{"message":"CHATBOT-QR-SERVICE SUCCESSFULLY STARTED AT: Tue Nov 06 2018 17:33:12 GMT+0800 (PST)","level":"info"}
{"message":"CHATBOT-QR-SERVICE STARTED AT: Tue Nov 06 2018 17:33:33 GMT+0800 (PST)","level":"info"}
{"message":"CHATBOT-QR-SERVICE SUCCESSFULLY STARTED AT: Tue Nov 06 2018 17:33:34 GMT+0800 (PST)","level":"info"}
{"message":"CHATBOT-QR-SERVICE STARTED AT: Tue Nov 06 2018 17:33:41 GMT+0800 (PST)","level":"info"}
{"message":"CHATBOT-QR-SERVICE SUCCESSFULLY STARTED AT: Tue Nov 06 2018 17:33:42 GMT+0800 (PST)","level":"info"}
{"message":"CHATBOT-QR-SERVICE STARTED AT: Tue Nov 06 2018 17:33:50 GMT+0800 (PST)","level":"info"}
{"message":"CHATBOT-QR-SERVICE SUCCESSFULLY STARTED AT: Tue Nov 06 2018 17:33:52 GMT+0800 (PST)","level":"info"}
{"message":"CHATBOT-QR-SERVICE STARTED AT: Tue Nov 06 2018 17:34:23 GMT+0800 (PST)","level":"info"}
{"message":"CHATBOT-QR-SERVICE SUCCESSFULLY STARTED AT: Tue Nov 06 2018 17:34:25 GMT+0800 (PST)","level":"info"}
{"message":"CHATBOT-QR-SERVICE STARTED AT: Tue Nov 06 2018 17:34:59 GMT+0800 (PST)","level":"info"}
{"message":"CHATBOT-QR-SERVICE SUCCESSFULLY STARTED AT: Tue Nov 06 2018 17:35:00 GMT+0800 (PST)","level":"info"}
{"message":"CHATBOT-QR-SERVICE STARTED AT: Tue Nov 06 2018 17:35:44 GMT+0800 (PST)","level":"info"}
{"message":"CHATBOT-QR-SERVICE SUCCESSFULLY STARTED AT: Tue Nov 06 2018 17:35:46 GMT+0800 (PST)","level":"info"}
{"message":"CHATBOT-QR-SERVICE STARTED AT: Tue Nov 06 2018 17:35:55 GMT+0800 (PST)","level":"info"}
{"message":"CHATBOT-QR-SERVICE SUCCESSFULLY STARTED AT: Tue Nov 06 2018 17:35:57 GMT+0800 (PST)","level":"info"}
{"message":"CHATBOT-QR-SERVICE STARTED AT: Tue Nov 06 2018 17:36:36 GMT+0800 (PST)","level":"info"}
{"message":"CHATBOT-QR-SERVICE STARTED AT: Tue Nov 06 2018 17:36:37 GMT+0800 (PST)","level":"info"}
{"message":"CHATBOT-QR-SERVICE SUCCESSFULLY STARTED AT: Tue Nov 06 2018 17:36:38 GMT+0800 (PST)","level":"info"}
{"message":"CHATBOT-QR-SERVICE STARTED AT: Tue Nov 06 2018 17:37:38 GMT+0800 (PST)","level":"info"}
{"message":"CHATBOT-QR-SERVICE SUCCESSFULLY STARTED AT: Tue Nov 06 2018 17:37:40 GMT+0800 (PST)","level":"info"}
{"message":"CHATBOT-QR-SERVICE STARTED AT: Tue Nov 06 2018 17:39:58 GMT+0800 (PST)","level":"info"}
{"message":"CHATBOT-QR-SERVICE SUCCESSFULLY STARTED AT: Tue Nov 06 2018 17:39:59 GMT+0800 (PST)","level":"info"}
{"message":"CHATBOT-QR-SERVICE STARTED AT: Tue Nov 06 2018 17:40:16 GMT+0800 (PST)","level":"info"}
{"message":"CHATBOT-QR-SERVICE SUCCESSFULLY STARTED AT: Tue Nov 06 2018 17:40:18 GMT+0800 (PST)","level":"info"}
{"message":"CHATBOT-QR-SERVICE STARTED AT: Tue Nov 06 2018 17:40:47 GMT+0800 (PST)","level":"info"}
{"message":"CHATBOT-QR-SERVICE SUCCESSFULLY STARTED AT: Tue Nov 06 2018 17:40:50 GMT+0800 (PST)","level":"info"}
{"message":"CHATBOT-QR-SERVICE STARTED AT: Tue Nov 06 2018 17:40:51 GMT+0800 (PST)","level":"info"}
{"message":"CHATBOT-QR-SERVICE SUCCESSFULLY STARTED AT: Tue Nov 06 2018 17:40:53 GMT+0800 (PST)","level":"info"}
{"message":"CHATBOT-QR-SERVICE STARTED AT: Tue Nov 06 2018 17:40:57 GMT+0800 (PST)","level":"info"}
{"message":"CHATBOT-QR-SERVICE SUCCESSFULLY STARTED AT: Tue Nov 06 2018 17:40:58 GMT+0800 (PST)","level":"info"}
{"message":"CHATBOT-QR-SERVICE STARTED AT: Tue Nov 06 2018 17:42:34 GMT+0800 (PST)","level":"info"}
{"message":"CHATBOT-QR-SERVICE STARTED AT: Tue Nov 06 2018 17:42:36 GMT+0800 (PST)","level":"info"}
{"message":"CHATBOT-QR-SERVICE STARTED AT: Tue Nov 06 2018 17:42:37 GMT+0800 (PST)","level":"info"}
{"message":"CHATBOT-QR-SERVICE SUCCESSFULLY STARTED AT: Tue Nov 06 2018 17:42:38 GMT+0800 (PST)","level":"info"}
{"message":"CHATBOT-QR-SERVICE STARTED AT: Tue Nov 06 2018 17:42:41 GMT+0800 (PST)","level":"info"}
{"message":"CHATBOT-QR-SERVICE SUCCESSFULLY STARTED AT: Tue Nov 06 2018 17:42:42 GMT+0800 (PST)","level":"info"}
{"message":"CHATBOT-QR-SERVICE STARTED AT: Tue Nov 06 2018 17:42:53 GMT+0800 (PST)","level":"info"}
{"message":"CHATBOT-QR-SERVICE STARTED AT: Tue Nov 06 2018 17:42:56 GMT+0800 (PST)","level":"info"}
{"message":"CHATBOT-QR-SERVICE SUCCESSFULLY STARTED AT: Tue Nov 06 2018 17:43:02 GMT+0800 (PST)","level":"info"}
{"message":"CHATBOT-QR-SERVICE STARTED AT: Tue Nov 06 2018 17:43:12 GMT+0800 (PST)","level":"info"}
{"message":"CHATBOT-QR-SERVICE SUCCESSFULLY STARTED AT: Tue Nov 06 2018 17:43:13 GMT+0800 (PST)","level":"info"}
{"message":"CHATBOT-QR-SERVICE STARTED AT: Tue Nov 06 2018 17:43:18 GMT+0800 (PST)","level":"info"}
{"message":"CHATBOT-QR-SERVICE SUCCESSFULLY STARTED AT: Tue Nov 06 2018 17:43:19 GMT+0800 (PST)","level":"info"}
{"message":"CHATBOT-QR-SERVICE STARTED AT: Tue Nov 06 2018 17:43:42 GMT+0800 (PST)","level":"info"}
{"message":"CHATBOT-QR-SERVICE SUCCESSFULLY STARTED AT: Tue Nov 06 2018 17:43:44 GMT+0800 (PST)","level":"info"}
{"message":"CHATBOT-QR-SERVICE STARTED AT: Tue Nov 06 2018 17:45:51 GMT+0800 (PST)","level":"info"}
{"message":"CHATBOT-QR-SERVICE SUCCESSFULLY STARTED AT: Tue Nov 06 2018 17:45:53 GMT+0800 (PST)","level":"info"}
{"message":"CHATBOT-QR-SERVICE STARTED AT: Tue Nov 06 2018 17:45:58 GMT+0800 (PST)","level":"info"}
{"message":"CHATBOT-QR-SERVICE SUCCESSFULLY STARTED AT: Tue Nov 06 2018 17:45:59 GMT+0800 (PST)","level":"info"}
{"message":"CHATBOT-QR-SERVICE STARTED AT: Tue Nov 06 2018 17:46:06 GMT+0800 (PST)","level":"info"}
{"message":"CHATBOT-QR-SERVICE SUCCESSFULLY STARTED AT: Tue Nov 06 2018 17:46:08 GMT+0800 (PST)","level":"info"}
{"message":"CHATBOT-QR-SERVICE STARTED AT: Tue Nov 06 2018 17:46:17 GMT+0800 (PST)","level":"info"}
{"message":"CHATBOT-QR-SERVICE STARTED AT: Tue Nov 06 2018 17:46:18 GMT+0800 (PST)","level":"info"}
{"message":"CHATBOT-QR-SERVICE SUCCESSFULLY STARTED AT: Tue Nov 06 2018 17:46:21 GMT+0800 (PST)","level":"info"}
{"message":"CHATBOT-QR-SERVICE STARTED AT: Tue Nov 06 2018 17:46:42 GMT+0800 (PST)","level":"info"}
{"message":"CHATBOT-QR-SERVICE STARTED AT: Tue Nov 06 2018 17:46:45 GMT+0800 (PST)","level":"info"}
{"message":"CHATBOT-QR-SERVICE STARTED AT: Tue Nov 06 2018 17:46:46 GMT+0800 (PST)","level":"info"}
{"message":"CHATBOT-QR-SERVICE SUCCESSFULLY STARTED AT: Tue Nov 06 2018 17:46:48 GMT+0800 (PST)","level":"info"}
{"message":"CHATBOT-QR-SERVICE STARTED AT: Tue Nov 06 2018 17:48:15 GMT+0800 (PST)","level":"info"}
{"message":"CHATBOT-QR-SERVICE SUCCESSFULLY STARTED AT: Tue Nov 06 2018 17:48:17 GMT+0800 (PST)","level":"info"}
{"message":"CHATBOT-QR-SERVICE STARTED AT: Tue Nov 06 2018 17:48:18 GMT+0800 (PST)","level":"info"}
{"message":"CHATBOT-QR-SERVICE SUCCESSFULLY STARTED AT: Tue Nov 06 2018 17:48:20 GMT+0800 (PST)","level":"info"}
{"message":"CHATBOT-QR-SERVICE STARTED AT: Tue Nov 06 2018 17:48:32 GMT+0800 (PST)","level":"info"}
{"message":"CHATBOT-QR-SERVICE SUCCESSFULLY STARTED AT: Tue Nov 06 2018 17:48:33 GMT+0800 (PST)","level":"info"}
{"message":"CHATBOT-QR-SERVICE STARTED AT: Tue Nov 06 2018 17:49:06 GMT+0800 (PST)","level":"info"}
{"message":"CHATBOT-QR-SERVICE SUCCESSFULLY STARTED AT: Tue Nov 06 2018 17:49:08 GMT+0800 (PST)","level":"info"}
{"message":"CHATBOT-QR-SERVICE STARTED AT: Tue Nov 06 2018 17:49:58 GMT+0800 (PST)","level":"info"}
{"message":"CHATBOT-QR-SERVICE SUCCESSFULLY STARTED AT: Tue Nov 06 2018 17:50:00 GMT+0800 (PST)","level":"info"}
{"message":"CHATBOT-QR-SERVICE STARTED AT: Tue Nov 06 2018 17:50:22 GMT+0800 (PST)","level":"info"}
{"message":"CHATBOT-QR-SERVICE SUCCESSFULLY STARTED AT: Tue Nov 06 2018 17:50:23 GMT+0800 (PST)","level":"info"}
{"message":"CHATBOT-QR-SERVICE STARTED AT: Tue Nov 06 2018 17:50:25 GMT+0800 (PST)","level":"info"}
{"message":"CHATBOT-QR-SERVICE SUCCESSFULLY STARTED AT: Tue Nov 06 2018 17:50:27 GMT+0800 (PST)","level":"info"}
{"message":"CHATBOT-QR-SERVICE STARTED AT: Tue Nov 06 2018 17:50:37 GMT+0800 (PST)","level":"info"}
{"message":"CHATBOT-QR-SERVICE SUCCESSFULLY STARTED AT: Tue Nov 06 2018 17:50:38 GMT+0800 (PST)","level":"info"}
{"message":"CHATBOT-QR-SERVICE STARTED AT: Tue Nov 06 2018 17:50:41 GMT+0800 (PST)","level":"info"}
{"message":"CHATBOT-QR-SERVICE SUCCESSFULLY STARTED AT: Tue Nov 06 2018 17:50:43 GMT+0800 (PST)","level":"info"}
{"message":"CHATBOT-QR-SERVICE STARTED AT: Tue Nov 06 2018 17:50:53 GMT+0800 (PST)","level":"info"}
{"message":"CHATBOT-QR-SERVICE SUCCESSFULLY STARTED AT: Tue Nov 06 2018 17:50:55 GMT+0800 (PST)","level":"info"}
{"message":"CHATBOT-QR-SERVICE STARTED AT: Tue Nov 06 2018 17:50:58 GMT+0800 (PST)","level":"info"}
{"message":"CHATBOT-QR-SERVICE SUCCESSFULLY STARTED AT: Tue Nov 06 2018 17:50:59 GMT+0800 (PST)","level":"info"}
{"message":"CHATBOT-QR-SERVICE STARTED AT: Tue Nov 06 2018 17:51:03 GMT+0800 (PST)","level":"info"}
{"message":"CHATBOT-QR-SERVICE SUCCESSFULLY STARTED AT: Tue Nov 06 2018 17:51:04 GMT+0800 (PST)","level":"info"}
{"message":"CHATBOT-QR-SERVICE STARTED AT: Tue Nov 06 2018 17:52:26 GMT+0800 (PST)","level":"info"}
{"message":"CHATBOT-QR-SERVICE SUCCESSFULLY STARTED AT: Tue Nov 06 2018 17:52:27 GMT+0800 (PST)","level":"info"}
{"message":"CHATBOT-QR-SERVICE STARTED AT: Tue Nov 06 2018 17:52:51 GMT+0800 (PST)","level":"info"}
{"message":"CHATBOT-QR-SERVICE SUCCESSFULLY STARTED AT: Tue Nov 06 2018 17:52:52 GMT+0800 (PST)","level":"info"}
{"message":"CHATBOT-QR-SERVICE STARTED AT: Tue Nov 06 2018 17:55:26 GMT+0800 (PST)","level":"info"}
{"message":"CHATBOT-QR-SERVICE SUCCESSFULLY STARTED AT: Tue Nov 06 2018 17:55:27 GMT+0800 (PST)","level":"info"}
{"message":"CHATBOT-QR-SERVICE STARTED AT: Tue Nov 06 2018 17:56:49 GMT+0800 (PST)","level":"info"}
{"message":"CHATBOT-QR-SERVICE SUCCESSFULLY STARTED AT: Tue Nov 06 2018 17:56:51 GMT+0800 (PST)","level":"info"}
{"message":"CHATBOT-QR-SERVICE STARTED AT: Tue Nov 06 2018 18:00:02 GMT+0800 (PST)","level":"info"}
{"message":"CHATBOT-QR-SERVICE SUCCESSFULLY STARTED AT: Tue Nov 06 2018 18:00:04 GMT+0800 (PST)","level":"info"}
{"message":"CHATBOT-QR-SERVICE STARTED AT: Tue Nov 06 2018 18:00:27 GMT+0800 (PST)","level":"info"}
{"message":"CHATBOT-QR-SERVICE SUCCESSFULLY STARTED AT: Tue Nov 06 2018 18:00:28 GMT+0800 (PST)","level":"info"}
{"message":"CHATBOT-QR-SERVICE STARTED AT: Tue Nov 06 2018 18:00:34 GMT+0800 (PST)","level":"info"}
{"message":"CHATBOT-QR-SERVICE SUCCESSFULLY STARTED AT: Tue Nov 06 2018 18:00:36 GMT+0800 (PST)","level":"info"}
{"message":"CHATBOT-QR-SERVICE STARTED AT: Tue Nov 06 2018 18:01:01 GMT+0800 (PST)","level":"info"}
{"message":"CHATBOT-QR-SERVICE SUCCESSFULLY STARTED AT: Tue Nov 06 2018 18:01:04 GMT+0800 (PST)","level":"info"}
{"message":"CHATBOT-QR-SERVICE STARTED AT: Tue Nov 06 2018 18:01:21 GMT+0800 (PST)","level":"info"}
{"message":"CHATBOT-QR-SERVICE SUCCESSFULLY STARTED AT: Tue Nov 06 2018 18:01:23 GMT+0800 (PST)","level":"info"}
{"message":"CHATBOT-QR-SERVICE STARTED AT: Tue Nov 06 2018 18:01:47 GMT+0800 (PST)","level":"info"}
{"message":"CHATBOT-QR-SERVICE SUCCESSFULLY STARTED AT: Tue Nov 06 2018 18:01:49 GMT+0800 (PST)","level":"info"}
{"message":"CHATBOT-QR-SERVICE STARTED AT: Tue Nov 06 2018 18:02:04 GMT+0800 (PST)","level":"info"}
{"message":"CHATBOT-QR-SERVICE SUCCESSFULLY STARTED AT: Tue Nov 06 2018 18:02:06 GMT+0800 (PST)","level":"info"}
{"message":"CHATBOT-QR-SERVICE STARTED AT: Tue Nov 06 2018 18:02:09 GMT+0800 (PST)","level":"info"}
{"message":"CHATBOT-QR-SERVICE SUCCESSFULLY STARTED AT: Tue Nov 06 2018 18:02:11 GMT+0800 (PST)","level":"info"}
{"message":"CHATBOT-QR-SERVICE STARTED AT: Tue Nov 06 2018 18:02:14 GMT+0800 (PST)","level":"info"}
{"message":"CHATBOT-QR-SERVICE SUCCESSFULLY STARTED AT: Tue Nov 06 2018 18:02:16 GMT+0800 (PST)","level":"info"}
{"message":"CHATBOT-QR-SERVICE STARTED AT: Wed Nov 07 2018 10:57:24 GMT+0800 (PST)","level":"info"}
{"message":"CHATBOT-QR-SERVICE SUCCESSFULLY STARTED AT: Wed Nov 07 2018 10:57:30 GMT+0800 (PST)","level":"info"}
{"message":"CHATBOT-QR-SERVICE STARTED AT: Wed Nov 07 2018 10:57:36 GMT+0800 (PST)","level":"info"}
{"message":"CHATBOT-QR-SERVICE SUCCESSFULLY STARTED AT: Wed Nov 07 2018 10:57:41 GMT+0800 (PST)","level":"info"}
{"message":"Create queue at Wed Nov 07 2018 10:57:53 GMT+0800 (PST)","level":"info"}
{"message":"Create qr failed at Wed Nov 07 2018 10:58:04 GMT+0800 (PST)","level":"info"}
{"message":"CHATBOT-QR-SERVICE STARTED AT: Wed Nov 07 2018 10:58:33 GMT+0800 (PST)","level":"info"}
{"message":"CHATBOT-QR-SERVICE FAILED TO START: Wed Nov 07 2018 10:59:04 GMT+0800 (PST)","level":"info"}
{"message":"CHATBOT-QR-SERVICE STARTED AT: Wed Nov 07 2018 10:59:09 GMT+0800 (PST)","level":"info"}
{"message":"CHATBOT-QR-SERVICE SUCCESSFULLY STARTED AT: Wed Nov 07 2018 10:59:14 GMT+0800 (PST)","level":"info"}
{"message":"Create queue at Wed Nov 07 2018 10:59:20 GMT+0800 (PST)","level":"info"}
{"message":"Create qr failed at Wed Nov 07 2018 10:59:33 GMT+0800 (PST)","level":"info"}
{"message":"CHATBOT-QR-SERVICE STARTED AT: Wed Nov 07 2018 11:00:06 GMT+0800 (PST)","level":"info"}
{"message":"CHATBOT-QR-SERVICE STARTED AT: Wed Nov 07 2018 11:00:07 GMT+0800 (PST)","level":"info"}
{"message":"CHATBOT-QR-SERVICE SUCCESSFULLY STARTED AT: Wed Nov 07 2018 11:00:13 GMT+0800 (PST)","level":"info"}
{"message":"Create queue at Wed Nov 07 2018 11:00:22 GMT+0800 (PST)","level":"info"}
{"message":"Create qr success at Wed Nov 07 2018 11:00:25 GMT+0800 (PST)","level":"info"}
{"message":"CHATBOT-QR-SERVICE STARTED AT: Wed Nov 07 2018 11:01:30 GMT+0800 (PST)","level":"info"}
{"message":"CHATBOT-QR-SERVICE SUCCESSFULLY STARTED AT: Wed Nov 07 2018 11:01:33 GMT+0800 (PST)","level":"info"}
{"message":"CHATBOT-QR-SERVICE STARTED AT: Wed Nov 07 2018 11:01:40 GMT+0800 (PST)","level":"info"}
{"message":"CHATBOT-QR-SERVICE SUCCESSFULLY STARTED AT: Wed Nov 07 2018 11:01:42 GMT+0800 (PST)","level":"info"}
{"message":"CHATBOT-QR-SERVICE STARTED AT: Wed Nov 07 2018 11:02:18 GMT+0800 (PST)","level":"info"}
{"message":"CHATBOT-QR-SERVICE SUCCESSFULLY STARTED AT: Wed Nov 07 2018 11:02:22 GMT+0800 (PST)","level":"info"}
{"message":"CHATBOT-QR-SERVICE STARTED AT: Wed Nov 07 2018 11:03:11 GMT+0800 (PST)","level":"info"}
{"message":"CHATBOT-QR-SERVICE SUCCESSFULLY STARTED AT: Wed Nov 07 2018 11:03:15 GMT+0800 (PST)","level":"info"}
{"message":"CHATBOT-QR-SERVICE STARTED AT: Wed Nov 07 2018 11:03:22 GMT+0800 (PST)","level":"info"}
{"message":"CHATBOT-QR-SERVICE SUCCESSFULLY STARTED AT: Wed Nov 07 2018 11:03:25 GMT+0800 (PST)","level":"info"}
{"message":"CHATBOT-QR-SERVICE STARTED AT: Wed Nov 07 2018 11:04:38 GMT+0800 (PST)","level":"info"}
{"message":"CHATBOT-QR-SERVICE SUCCESSFULLY STARTED AT: Wed Nov 07 2018 11:04:40 GMT+0800 (PST)","level":"info"}
{"message":"CHATBOT-QR-SERVICE STARTED AT: Wed Nov 07 2018 11:06:17 GMT+0800 (PST)","level":"info"}
{"message":"CHATBOT-QR-SERVICE SUCCESSFULLY STARTED AT: Wed Nov 07 2018 11:06:19 GMT+0800 (PST)","level":"info"}
{"message":"CHATBOT-QR-SERVICE STARTED AT: Wed Nov 07 2018 11:07:16 GMT+0800 (PST)","level":"info"}
{"message":"CHATBOT-QR-SERVICE STARTED AT: Wed Nov 07 2018 11:07:17 GMT+0800 (PST)","level":"info"}
{"message":"CHATBOT-QR-SERVICE SUCCESSFULLY STARTED AT: Wed Nov 07 2018 11:07:19 GMT+0800 (PST)","level":"info"}
{"message":"CHATBOT-QR-SERVICE STARTED AT: Wed Nov 07 2018 11:07:28 GMT+0800 (PST)","level":"info"}
{"message":"CHATBOT-QR-SERVICE SUCCESSFULLY STARTED AT: Wed Nov 07 2018 11:07:30 GMT+0800 (PST)","level":"info"}
{"message":"CHATBOT-QR-SERVICE STARTED AT: Wed Nov 07 2018 11:07:34 GMT+0800 (PST)","level":"info"}
{"message":"CHATBOT-QR-SERVICE SUCCESSFULLY STARTED AT: Wed Nov 07 2018 11:07:36 GMT+0800 (PST)","level":"info"}
{"message":"CHATBOT-QR-SERVICE STARTED AT: Wed Nov 07 2018 11:07:50 GMT+0800 (PST)","level":"info"}
{"message":"CHATBOT-QR-SERVICE SUCCESSFULLY STARTED AT: Wed Nov 07 2018 11:07:53 GMT+0800 (PST)","level":"info"}
{"message":"CHATBOT-QR-SERVICE STARTED AT: Wed Nov 07 2018 11:07:54 GMT+0800 (PST)","level":"info"}
{"message":"CHATBOT-QR-SERVICE SUCCESSFULLY STARTED AT: Wed Nov 07 2018 11:07:56 GMT+0800 (PST)","level":"info"}
{"message":"CHATBOT-QR-SERVICE STARTED AT: Wed Nov 07 2018 11:08:12 GMT+0800 (PST)","level":"info"}
{"message":"CHATBOT-QR-SERVICE SUCCESSFULLY STARTED AT: Wed Nov 07 2018 11:08:15 GMT+0800 (PST)","level":"info"}
{"message":"CHATBOT-QR-SERVICE STARTED AT: Wed Nov 07 2018 11:08:44 GMT+0800 (PST)","level":"info"}
{"message":"CHATBOT-QR-SERVICE SUCCESSFULLY STARTED AT: Wed Nov 07 2018 11:08:57 GMT+0800 (PST)","level":"info"}
{"message":"CHATBOT-QR-SERVICE STARTED AT: Wed Nov 07 2018 11:09:03 GMT+0800 (PST)","level":"info"}
{"message":"CHATBOT-QR-SERVICE SUCCESSFULLY STARTED AT: Wed Nov 07 2018 11:09:06 GMT+0800 (PST)","level":"info"}
{"message":"CHATBOT-QR-SERVICE STARTED AT: Wed Nov 07 2018 11:09:11 GMT+0800 (PST)","level":"info"}
{"message":"CHATBOT-QR-SERVICE SUCCESSFULLY STARTED AT: Wed Nov 07 2018 11:09:17 GMT+0800 (PST)","level":"info"}
{"message":"CHATBOT-QR-SERVICE STARTED AT: Wed Nov 07 2018 11:09:19 GMT+0800 (PST)","level":"info"}
{"message":"CHATBOT-QR-SERVICE SUCCESSFULLY STARTED AT: Wed Nov 07 2018 11:09:23 GMT+0800 (PST)","level":"info"}
{"message":"CHATBOT-QR-SERVICE STARTED AT: Wed Nov 07 2018 11:09:31 GMT+0800 (PST)","level":"info"}
{"message":"CHATBOT-QR-SERVICE SUCCESSFULLY STARTED AT: Wed Nov 07 2018 11:09:34 GMT+0800 (PST)","level":"info"}
{"message":"CHATBOT-QR-SERVICE STARTED AT: Wed Nov 07 2018 11:10:36 GMT+0800 (PST)","level":"info"}
{"message":"CHATBOT-QR-SERVICE SUCCESSFULLY STARTED AT: Wed Nov 07 2018 11:10:41 GMT+0800 (PST)","level":"info"}
{"message":"CHATBOT-QR-SERVICE STARTED AT: Wed Nov 07 2018 11:12:04 GMT+0800 (PST)","level":"info"}
{"message":"CHATBOT-QR-SERVICE SUCCESSFULLY STARTED AT: Wed Nov 07 2018 11:12:07 GMT+0800 (PST)","level":"info"}
{"message":"CHATBOT-QR-SERVICE STARTED AT: Wed Nov 07 2018 11:12:32 GMT+0800 (PST)","level":"info"}
{"message":"CHATBOT-QR-SERVICE STARTED AT: Wed Nov 07 2018 11:12:35 GMT+0800 (PST)","level":"info"}
{"message":"CHATBOT-QR-SERVICE SUCCESSFULLY STARTED AT: Wed Nov 07 2018 11:12:38 GMT+0800 (PST)","level":"info"}
{"message":"CHATBOT-QR-SERVICE STARTED AT: Wed Nov 07 2018 11:13:38 GMT+0800 (PST)","level":"info"}
{"message":"CHATBOT-QR-SERVICE SUCCESSFULLY STARTED AT: Wed Nov 07 2018 11:13:40 GMT+0800 (PST)","level":"info"}
{"message":"CHATBOT-QR-SERVICE STARTED AT: Wed Nov 07 2018 11:14:45 GMT+0800 (PST)","level":"info"}
{"message":"CHATBOT-QR-SERVICE SUCCESSFULLY STARTED AT: Wed Nov 07 2018 11:14:49 GMT+0800 (PST)","level":"info"}
{"message":"CHATBOT-QR-SERVICE STARTED AT: Wed Nov 07 2018 11:15:31 GMT+0800 (PST)","level":"info"}
{"message":"CHATBOT-QR-SERVICE SUCCESSFULLY STARTED AT: Wed Nov 07 2018 11:15:34 GMT+0800 (PST)","level":"info"}
{"message":"CHATBOT-QR-SERVICE STARTED AT: Wed Nov 07 2018 11:16:17 GMT+0800 (PST)","level":"info"}
{"message":"CHATBOT-QR-SERVICE SUCCESSFULLY STARTED AT: Wed Nov 07 2018 11:16:20 GMT+0800 (PST)","level":"info"}
{"message":"CHATBOT-QR-SERVICE STARTED AT: Wed Nov 07 2018 11:16:21 GMT+0800 (PST)","level":"info"}
{"message":"CHATBOT-QR-SERVICE SUCCESSFULLY STARTED AT: Wed Nov 07 2018 11:16:24 GMT+0800 (PST)","level":"info"}
{"message":"CHATBOT-QR-SERVICE STARTED AT: Wed Nov 07 2018 11:17:10 GMT+0800 (PST)","level":"info"}
{"message":"CHATBOT-QR-SERVICE STARTED AT: Wed Nov 07 2018 11:17:13 GMT+0800 (PST)","level":"info"}
{"message":"CHATBOT-QR-SERVICE SUCCESSFULLY STARTED AT: Wed Nov 07 2018 11:17:16 GMT+0800 (PST)","level":"info"}
{"message":"CHATBOT-QR-SERVICE STARTED AT: Wed Nov 07 2018 11:17:30 GMT+0800 (PST)","level":"info"}
{"message":"CHATBOT-QR-SERVICE SUCCESSFULLY STARTED AT: Wed Nov 07 2018 11:17:35 GMT+0800 (PST)","level":"info"}
{"message":"CHATBOT-QR-SERVICE STARTED AT: Wed Nov 07 2018 11:18:00 GMT+0800 (PST)","level":"info"}
{"message":"CHATBOT-QR-SERVICE STARTED AT: Wed Nov 07 2018 11:18:01 GMT+0800 (PST)","level":"info"}
{"message":"CHATBOT-QR-SERVICE SUCCESSFULLY STARTED AT: Wed Nov 07 2018 11:18:04 GMT+0800 (PST)","level":"info"}
{"message":"Create queue at Wed Nov 07 2018 11:20:19 GMT+0800 (PST)","level":"info"}
{"message":"Create queue success at Wed Nov 07 2018 11:20:24 GMT+0800 (PST)","level":"info"}
{"message":"CHATBOT-QR-SERVICE STARTED AT: Wed Nov 07 2018 11:20:45 GMT+0800 (PST)","level":"info"}
{"message":"CHATBOT-QR-SERVICE SUCCESSFULLY STARTED AT: Wed Nov 07 2018 11:20:46 GMT+0800 (PST)","level":"info"}
{"message":"CHATBOT-QR-SERVICE STARTED AT: Wed Nov 07 2018 11:21:17 GMT+0800 (PST)","level":"info"}
{"message":"CHATBOT-QR-SERVICE SUCCESSFULLY STARTED AT: Wed Nov 07 2018 11:21:20 GMT+0800 (PST)","level":"info"}
{"message":"Create queue at Wed Nov 07 2018 11:21:34 GMT+0800 (PST)","level":"info"}
{"message":"Create queue success at Wed Nov 07 2018 11:21:39 GMT+0800 (PST)","level":"info"}
{"message":"CHATBOT-QR-SERVICE STARTED AT: Wed Nov 07 2018 11:22:32 GMT+0800 (PST)","level":"info"}
{"message":"CHATBOT-QR-SERVICE SUCCESSFULLY STARTED AT: Wed Nov 07 2018 11:22:36 GMT+0800 (PST)","level":"info"}
{"message":"Create queue at Wed Nov 07 2018 11:22:39 GMT+0800 (PST)","level":"info"}
{"message":"Create queue success at Wed Nov 07 2018 11:22:48 GMT+0800 (PST)","level":"info"}
{"message":"Create queue at Wed Nov 07 2018 11:27:31 GMT+0800 (PST)","level":"info"}
{"message":"Create queue success at Wed Nov 07 2018 11:27:42 GMT+0800 (PST)","level":"info"}
{"message":"Create queue at Wed Nov 07 2018 11:29:05 GMT+0800 (PST)","level":"info"}
{"message":"Create queue success at Wed Nov 07 2018 11:29:10 GMT+0800 (PST)","level":"info"}
{"message":"CHATBOT-QR-SERVICE STARTED AT: Wed Nov 07 2018 11:35:59 GMT+0800 (PST)","level":"info"}
{"message":"CHATBOT-QR-SERVICE SUCCESSFULLY STARTED AT: Wed Nov 07 2018 11:36:04 GMT+0800 (PST)","level":"info"}
{"message":"Create queue at Wed Nov 07 2018 11:36:34 GMT+0800 (PST)","level":"info"}
{"message":"Create queue success at Wed Nov 07 2018 11:36:49 GMT+0800 (PST)","level":"info"}
{"message":"Create queue at Wed Nov 07 2018 11:36:58 GMT+0800 (PST)","level":"info"}
{"message":"Create queue success at Wed Nov 07 2018 11:37:07 GMT+0800 (PST)","level":"info"}
{"message":"CHATBOT-QR-SERVICE STARTED AT: Wed Nov 07 2018 11:37:31 GMT+0800 (PST)","level":"info"}
{"message":"CHATBOT-QR-SERVICE SUCCESSFULLY STARTED AT: Wed Nov 07 2018 11:37:34 GMT+0800 (PST)","level":"info"}
{"message":"CHATBOT-QR-SERVICE STARTED AT: Wed Nov 07 2018 11:37:55 GMT+0800 (PST)","level":"info"}
{"message":"CHATBOT-QR-SERVICE SUCCESSFULLY STARTED AT: Wed Nov 07 2018 11:37:59 GMT+0800 (PST)","level":"info"}
{"message":"CHATBOT-QR-SERVICE STARTED AT: Wed Nov 07 2018 11:40:12 GMT+0800 (PST)","level":"info"}
{"message":"CHATBOT-QR-SERVICE SUCCESSFULLY STARTED AT: Wed Nov 07 2018 11:40:16 GMT+0800 (PST)","level":"info"}
{"message":"CHATBOT-QR-SERVICE STARTED AT: Wed Nov 07 2018 11:41:11 GMT+0800 (PST)","level":"info"}
{"message":"CHATBOT-QR-SERVICE SUCCESSFULLY STARTED AT: Wed Nov 07 2018 11:41:15 GMT+0800 (PST)","level":"info"}
{"message":"CHATBOT-QR-SERVICE STARTED AT: Wed Nov 07 2018 11:41:30 GMT+0800 (PST)","level":"info"}
{"message":"CHATBOT-QR-SERVICE SUCCESSFULLY STARTED AT: Wed Nov 07 2018 11:41:35 GMT+0800 (PST)","level":"info"}
{"message":"CHATBOT-QR-SERVICE STARTED AT: Wed Nov 07 2018 11:42:35 GMT+0800 (PST)","level":"info"}
{"message":"CHATBOT-QR-SERVICE STARTED AT: Wed Nov 07 2018 11:42:37 GMT+0800 (PST)","level":"info"}
{"message":"CHATBOT-QR-SERVICE SUCCESSFULLY STARTED AT: Wed Nov 07 2018 11:43:12 GMT+0800 (PST)","level":"info"}
{"message":"CHATBOT-QR-SERVICE STARTED AT: Wed Nov 07 2018 11:43:52 GMT+0800 (PST)","level":"info"}
{"message":"CHATBOT-QR-SERVICE SUCCESSFULLY STARTED AT: Wed Nov 07 2018 11:44:00 GMT+0800 (PST)","level":"info"}
{"message":"CHATBOT-QR-SERVICE STARTED AT: Wed Nov 07 2018 11:44:05 GMT+0800 (PST)","level":"info"}
{"message":"CHATBOT-QR-SERVICE SUCCESSFULLY STARTED AT: Wed Nov 07 2018 11:44:08 GMT+0800 (PST)","level":"info"}
{"message":"CHATBOT-QR-SERVICE STARTED AT: Wed Nov 07 2018 11:44:11 GMT+0800 (PST)","level":"info"}
{"message":"CHATBOT-QR-SERVICE STARTED AT: Wed Nov 07 2018 11:44:14 GMT+0800 (PST)","level":"info"}
{"message":"CHATBOT-QR-SERVICE SUCCESSFULLY STARTED AT: Wed Nov 07 2018 11:44:15 GMT+0800 (PST)","level":"info"}
{"message":"CHATBOT-QR-SERVICE STARTED AT: Wed Nov 07 2018 11:44:24 GMT+0800 (PST)","level":"info"}
{"message":"CHATBOT-QR-SERVICE STARTED AT: Wed Nov 07 2018 11:44:25 GMT+0800 (PST)","level":"info"}
{"message":"CHATBOT-QR-SERVICE SUCCESSFULLY STARTED AT: Wed Nov 07 2018 11:44:27 GMT+0800 (PST)","level":"info"}
{"message":"CHATBOT-QR-SERVICE STARTED AT: Wed Nov 07 2018 11:46:31 GMT+0800 (PST)","level":"info"}
{"message":"CHATBOT-QR-SERVICE SUCCESSFULLY STARTED AT: Wed Nov 07 2018 11:46:33 GMT+0800 (PST)","level":"info"}
{"message":"CHATBOT-QR-SERVICE STARTED AT: Wed Nov 07 2018 11:46:44 GMT+0800 (PST)","level":"info"}
{"message":"CHATBOT-QR-SERVICE STARTED AT: Wed Nov 07 2018 11:46:45 GMT+0800 (PST)","level":"info"}
{"message":"CHATBOT-QR-SERVICE SUCCESSFULLY STARTED AT: Wed Nov 07 2018 11:46:47 GMT+0800 (PST)","level":"info"}
{"message":"CHATBOT-QR-SERVICE STARTED AT: Wed Nov 07 2018 11:46:54 GMT+0800 (PST)","level":"info"}
{"message":"CHATBOT-QR-SERVICE SUCCESSFULLY STARTED AT: Wed Nov 07 2018 11:46:55 GMT+0800 (PST)","level":"info"}
{"message":"CHATBOT-QR-SERVICE STARTED AT: Wed Nov 07 2018 11:47:01 GMT+0800 (PST)","level":"info"}
{"message":"CHATBOT-QR-SERVICE SUCCESSFULLY STARTED AT: Wed Nov 07 2018 11:47:03 GMT+0800 (PST)","level":"info"}
{"message":"CHATBOT-QR-SERVICE STARTED AT: Wed Nov 07 2018 11:47:35 GMT+0800 (PST)","level":"info"}
{"message":"CHATBOT-QR-SERVICE SUCCESSFULLY STARTED AT: Wed Nov 07 2018 11:47:37 GMT+0800 (PST)","level":"info"}
{"message":"CHATBOT-QR-SERVICE STARTED AT: Wed Nov 07 2018 11:47:41 GMT+0800 (PST)","level":"info"}
{"message":"CHATBOT-QR-SERVICE SUCCESSFULLY STARTED AT: Wed Nov 07 2018 11:47:43 GMT+0800 (PST)","level":"info"}
{"message":"CHATBOT-QR-SERVICE STARTED AT: Wed Nov 07 2018 11:48:17 GMT+0800 (PST)","level":"info"}
{"message":"CHATBOT-QR-SERVICE SUCCESSFULLY STARTED AT: Wed Nov 07 2018 11:48:19 GMT+0800 (PST)","level":"info"}
{"message":"CHATBOT-QR-SERVICE STARTED AT: Wed Nov 07 2018 11:48:23 GMT+0800 (PST)","level":"info"}
{"message":"CHATBOT-QR-SERVICE SUCCESSFULLY STARTED AT: Wed Nov 07 2018 11:48:25 GMT+0800 (PST)","level":"info"}
{"message":"CHATBOT-QR-SERVICE STARTED AT: Wed Nov 07 2018 11:48:35 GMT+0800 (PST)","level":"info"}
{"message":"CHATBOT-QR-SERVICE SUCCESSFULLY STARTED AT: Wed Nov 07 2018 11:48:36 GMT+0800 (PST)","level":"info"}
{"message":"CHATBOT-QR-SERVICE STARTED AT: Wed Nov 07 2018 11:48:40 GMT+0800 (PST)","level":"info"}
{"message":"CHATBOT-QR-SERVICE SUCCESSFULLY STARTED AT: Wed Nov 07 2018 11:48:42 GMT+0800 (PST)","level":"info"}
{"message":"CHATBOT-QR-SERVICE STARTED AT: Wed Nov 07 2018 11:48:44 GMT+0800 (PST)","level":"info"}
{"message":"CHATBOT-QR-SERVICE SUCCESSFULLY STARTED AT: Wed Nov 07 2018 11:48:46 GMT+0800 (PST)","level":"info"}
{"message":"CHATBOT-QR-SERVICE STARTED AT: Wed Nov 07 2018 11:49:51 GMT+0800 (PST)","level":"info"}
{"message":"CHATBOT-QR-SERVICE SUCCESSFULLY STARTED AT: Wed Nov 07 2018 11:49:52 GMT+0800 (PST)","level":"info"}
{"message":"CHATBOT-QR-SERVICE STARTED AT: Wed Nov 07 2018 11:50:00 GMT+0800 (PST)","level":"info"}
{"message":"CHATBOT-QR-SERVICE SUCCESSFULLY STARTED AT: Wed Nov 07 2018 11:50:01 GMT+0800 (PST)","level":"info"}
{"message":"CHATBOT-QR-SERVICE STARTED AT: Wed Nov 07 2018 11:50:13 GMT+0800 (PST)","level":"info"}
{"message":"CHATBOT-QR-SERVICE SUCCESSFULLY STARTED AT: Wed Nov 07 2018 11:50:14 GMT+0800 (PST)","level":"info"}
{"message":"CHATBOT-QR-SERVICE STARTED AT: Wed Nov 07 2018 11:50:31 GMT+0800 (PST)","level":"info"}
{"message":"CHATBOT-QR-SERVICE STARTED AT: Wed Nov 07 2018 11:50:33 GMT+0800 (PST)","level":"info"}
{"message":"CHATBOT-QR-SERVICE SUCCESSFULLY STARTED AT: Wed Nov 07 2018 11:50:34 GMT+0800 (PST)","level":"info"}
{"message":"CHATBOT-QR-SERVICE STARTED AT: Wed Nov 07 2018 11:50:55 GMT+0800 (PST)","level":"info"}
{"message":"CHATBOT-QR-SERVICE SUCCESSFULLY STARTED AT: Wed Nov 07 2018 11:50:57 GMT+0800 (PST)","level":"info"}
{"message":"CHATBOT-QR-SERVICE STARTED AT: Wed Nov 07 2018 11:50:58 GMT+0800 (PST)","level":"info"}
{"message":"CHATBOT-QR-SERVICE SUCCESSFULLY STARTED AT: Wed Nov 07 2018 11:51:00 GMT+0800 (PST)","level":"info"}
{"message":"CHATBOT-QR-SERVICE STARTED AT: Wed Nov 07 2018 12:06:12 GMT+0800 (PST)","level":"info"}
{"message":"CHATBOT-QR-SERVICE SUCCESSFULLY STARTED AT: Wed Nov 07 2018 12:06:14 GMT+0800 (PST)","level":"info"}
{"message":"CHATBOT-QR-SERVICE STARTED AT: Wed Nov 07 2018 12:06:32 GMT+0800 (PST)","level":"info"}
{"message":"CHATBOT-QR-SERVICE SUCCESSFULLY STARTED AT: Wed Nov 07 2018 12:06:34 GMT+0800 (PST)","level":"info"}
{"message":"CHATBOT-QR-SERVICE STARTED AT: Wed Nov 07 2018 12:08:40 GMT+0800 (PST)","level":"info"}
{"message":"CHATBOT-QR-SERVICE SUCCESSFULLY STARTED AT: Wed Nov 07 2018 12:08:42 GMT+0800 (PST)","level":"info"}
{"message":"CHATBOT-QR-SERVICE STARTED AT: Wed Nov 07 2018 12:08:50 GMT+0800 (PST)","level":"info"}
{"message":"CHATBOT-QR-SERVICE SUCCESSFULLY STARTED AT: Wed Nov 07 2018 12:08:55 GMT+0800 (PST)","level":"info"}
{"message":"CHATBOT-QR-SERVICE STARTED AT: Wed Nov 07 2018 12:09:00 GMT+0800 (PST)","level":"info"}
{"message":"CHATBOT-QR-SERVICE SUCCESSFULLY STARTED AT: Wed Nov 07 2018 12:09:02 GMT+0800 (PST)","level":"info"}
{"message":"CHATBOT-QR-SERVICE STARTED AT: Wed Nov 07 2018 12:09:13 GMT+0800 (PST)","level":"info"}
{"message":"CHATBOT-QR-SERVICE SUCCESSFULLY STARTED AT: Wed Nov 07 2018 12:09:15 GMT+0800 (PST)","level":"info"}
{"message":"CHATBOT-QR-SERVICE STARTED AT: Wed Nov 07 2018 12:09:34 GMT+0800 (PST)","level":"info"}
{"message":"CHATBOT-QR-SERVICE STARTED AT: Wed Nov 07 2018 12:09:41 GMT+0800 (PST)","level":"info"}
{"message":"CHATBOT-QR-SERVICE STARTED AT: Wed Nov 07 2018 12:09:47 GMT+0800 (PST)","level":"info"}
{"message":"CHATBOT-QR-SERVICE STARTED AT: Wed Nov 07 2018 12:09:50 GMT+0800 (PST)","level":"info"}
{"message":"CHATBOT-QR-SERVICE SUCCESSFULLY STARTED AT: Wed Nov 07 2018 12:09:52 GMT+0800 (PST)","level":"info"}
{"message":"CHATBOT-QR-SERVICE STARTED AT: Wed Nov 07 2018 12:09:57 GMT+0800 (PST)","level":"info"}
{"message":"CHATBOT-QR-SERVICE SUCCESSFULLY STARTED AT: Wed Nov 07 2018 12:09:59 GMT+0800 (PST)","level":"info"}
{"message":"CHATBOT-QR-SERVICE STARTED AT: Wed Nov 07 2018 22:49:47 GMT+0800 (PST)","level":"info"}
{"message":"CHATBOT-QR-SERVICE SUCCESSFULLY STARTED AT: Wed Nov 07 2018 22:49:49 GMT+0800 (PST)","level":"info"}
{"message":"CHATBOT-QR-SERVICE STARTED AT: Wed Nov 07 2018 23:13:25 GMT+0800 (PST)","level":"info"}
{"message":"CHATBOT-QR-SERVICE STARTED AT: Wed Nov 07 2018 23:13:28 GMT+0800 (PST)","level":"info"}
{"message":"CHATBOT-QR-SERVICE SUCCESSFULLY STARTED AT: Wed Nov 07 2018 23:13:30 GMT+0800 (PST)","level":"info"}
{"message":"CHATBOT-QR-SERVICE STARTED AT: Wed Nov 07 2018 23:13:31 GMT+0800 (PST)","level":"info"}
{"message":"CHATBOT-QR-SERVICE SUCCESSFULLY STARTED AT: Wed Nov 07 2018 23:13:33 GMT+0800 (PST)","level":"info"}
{"message":"CHATBOT-QR-SERVICE STARTED AT: Wed Nov 07 2018 23:13:35 GMT+0800 (PST)","level":"info"}
{"message":"CHATBOT-QR-SERVICE SUCCESSFULLY STARTED AT: Wed Nov 07 2018 23:13:37 GMT+0800 (PST)","level":"info"}
{"message":"CHATBOT-QR-SERVICE STARTED AT: Wed Nov 07 2018 23:13:42 GMT+0800 (PST)","level":"info"}
{"message":"CHATBOT-QR-SERVICE STARTED AT: Wed Nov 07 2018 23:13:44 GMT+0800 (PST)","level":"info"}
{"message":"CHATBOT-QR-SERVICE STARTED AT: Wed Nov 07 2018 23:13:46 GMT+0800 (PST)","level":"info"}
{"message":"CHATBOT-QR-SERVICE SUCCESSFULLY STARTED AT: Wed Nov 07 2018 23:13:48 GMT+0800 (PST)","level":"info"}
{"message":"CHATBOT-QR-SERVICE STARTED AT: Wed Nov 07 2018 23:16:33 GMT+0800 (PST)","level":"info"}
{"message":"CHATBOT-QR-SERVICE SUCCESSFULLY STARTED AT: Wed Nov 07 2018 23:16:34 GMT+0800 (PST)","level":"info"}
{"message":"CHATBOT-QR-SERVICE STARTED AT: Wed Nov 07 2018 23:16:41 GMT+0800 (PST)","level":"info"}
{"message":"CHATBOT-QR-SERVICE SUCCESSFULLY STARTED AT: Wed Nov 07 2018 23:16:43 GMT+0800 (PST)","level":"info"}
{"message":"CHATBOT-QR-SERVICE STARTED AT: Wed Nov 07 2018 23:18:26 GMT+0800 (PST)","level":"info"}
{"message":"CHATBOT-QR-SERVICE SUCCESSFULLY STARTED AT: Wed Nov 07 2018 23:18:28 GMT+0800 (PST)","level":"info"}
{"message":"CHATBOT-QR-SERVICE STARTED AT: Wed Nov 07 2018 23:23:45 GMT+0800 (PST)","level":"info"}
{"message":"CHATBOT-QR-SERVICE SUCCESSFULLY STARTED AT: Wed Nov 07 2018 23:23:48 GMT+0800 (PST)","level":"info"}
{"message":"CHATBOT-QR-SERVICE STARTED AT: Thu Nov 08 2018 12:33:48 GMT+0800 (PST)","level":"info"}
{"message":"CHATBOT-QR-SERVICE STARTED AT: Thu Nov 08 2018 12:34:15 GMT+0800 (PST)","level":"info"}
{"message":"CHATBOT-QR-SERVICE SUCCESSFULLY STARTED AT: Thu Nov 08 2018 12:34:33 GMT+0800 (PST)","level":"info"}
{"message":"CHATBOT-QR-SERVICE STARTED AT: Thu Nov 08 2018 15:23:40 GMT+0800 (PST)","level":"info"}
{"message":"CHATBOT-QR-SERVICE SUCCESSFULLY STARTED AT: Thu Nov 08 2018 15:23:42 GMT+0800 (PST)","level":"info"}
{"message":"CHATBOT-QR-SERVICE STARTED AT: Thu Nov 08 2018 15:30:05 GMT+0800 (PST)","level":"info"}
{"message":"CHATBOT-QR-SERVICE STARTED AT: Thu Nov 08 2018 15:30:07 GMT+0800 (PST)","level":"info"}
{"message":"CHATBOT-QR-SERVICE SUCCESSFULLY STARTED AT: Thu Nov 08 2018 15:30:09 GMT+0800 (PST)","level":"info"}
